#
# A fatal error has been detected by the Java Runtime Environment:
#
#  EXCEPTION_ACCESS_VIOLATION (0xc0000005) at pc=0x0000000063fe9cc0, pid=356, tid=0x0000000000000d08
#
# JRE version: OpenJDK Runtime Environment (8.0_76-b03) (build 1.8.0_76-release-b03)
# Java VM: OpenJDK 64-Bit Server VM (25.76-b03 mixed mode windows-amd64 compressed oops)
# Problematic frame:
# V  [jvm.dll+0x89cc0]
#
# Failed to write core dump. Minidumps are not enabled by default on client versions of Windows
#
# If you would like to submit a bug report, please visit:
#   http://bugreport.java.com/bugreport/crash.jsp
#

---------------  T H R E A D  ---------------

Current thread (0x0000000002317800):  GCTaskThread [stack: 0x0000000011dd0000,0x0000000011ed0000] [id=3336]

siginfo: ExceptionCode=0xc0000005, reading address 0x0000000000000b10

Registers:
RAX=0x0000000000000001, RBX=0x00000000ee768b58, RCX=0x00000000ee768b58, RDX=0x0000000000000b08
RSP=0x0000000011ecf878, RBP=0x0000000000000000, RSI=0x0000000015d531c0, RDI=0x00000000191fb410
R8 =0x0000000015d531c0, R9 =0x0000000000000006, R10=0x0000000000000008, R11=0x00000000f7a0ccf0
R12=0x000000006456d410, R13=0x0000000000000001, R14=0x0000000000000000, R15=0x0000000002317bf0
RIP=0x0000000063fe9cc0, EFLAGS=0x0000000000010202

Top of Stack: (sp=0x0000000011ecf878)
0x0000000011ecf878:   0000000064327792 00000000ee768b38
0x0000000011ecf888:   0000000000000004 0000000015d531c0
0x0000000011ecf898:   0000000015d531c0 00000000f7a04d00
0x0000000011ecf8a8:   0000000064327edb 0000000000000000
0x0000000011ecf8b8:   000000006404c5d3 0000000000000000
0x0000000011ecf8c8:   0000000002311801 000000006456d410
0x0000000011ecf8d8:   0000000064327b00 00000000f7a092d0
0x0000000011ecf8e8:   0000000000000000 0000000015d531c0
0x0000000011ecf8f8:   00000000191fb410 00000000f7a092d0
0x0000000011ecf908:   00000000643284d5 00000000ee76ea10
0x0000000011ecf918:   0000000000000000 0000000015d531c0
0x0000000011ecf928:   0000000064327a11 00000000ec6c1660
0x0000000011ecf938:   0000000000000005 0000000015d531c0
0x0000000011ecf948:   0000185200001dfb 00000000f7839470
0x0000000011ecf958:   0000185100001dfb 00000fe300001dfe
0x0000000011ecf968:   00000fd400001dfc 0000000002317be0 

Instructions: (pc=0x0000000063fe9cc0)
0x0000000063fe9ca0:   ac 3a 1d 00 48 8b 9c 24 c0 00 00 00 48 81 c4 b0
0x0000000063fe9cb0:   00 00 00 5d c3 cc cc cc cc cc cc cc cc cc cc cc
0x0000000063fe9cc0:   44 8b 42 08 4c 8b ca 45 85 c0 7e 0e 41 f6 c0 01
0x0000000063fe9cd0:   75 57 41 c1 f8 03 41 8b c0 c3 79 4d 80 3d be 5f 


Register to memory mapping:

RAX=0x0000000000000001 is an unknown value
RBX=0x00000000ee768b58 is an oop

[error occurred during error reporting (printing register info), id 0xc0000005]

Stack: [0x0000000011dd0000,0x0000000011ed0000],  sp=0x0000000011ecf878,  free space=1022k
Native frames: (J=compiled Java code, j=interpreted, Vv=VM code, C=native code)


---------------  P R O C E S S  ---------------

Java Threads: ( => current thread )
  0x000000001c317800 JavaThread "pool-50-thread-4" [_thread_blocked, id=7192, stack(0x000000002c190000,0x000000002c290000)]
  0x000000001c31d800 JavaThread "pool-50-thread-3" [_thread_blocked, id=2128, stack(0x000000002c090000,0x000000002c190000)]
  0x000000001c31c800 JavaThread "pool-50-thread-2" [_thread_blocked, id=7308, stack(0x000000002bf90000,0x000000002c090000)]
  0x000000001c31b000 JavaThread "pool-51-thread-1" [_thread_blocked, id=7384, stack(0x000000002be90000,0x000000002bf90000)]
  0x000000001c31a800 JavaThread "pool-50-thread-1" [_thread_blocked, id=5516, stack(0x000000002bd90000,0x000000002be90000)]
  0x000000001c319800 JavaThread "pool-46-thread-4" [_thread_blocked, id=7372, stack(0x000000002b790000,0x000000002b890000)]
  0x000000001c31c000 JavaThread "pool-46-thread-3" [_thread_blocked, id=7800, stack(0x000000002b690000,0x000000002b790000)]
  0x000000001c319000 JavaThread "pool-46-thread-2" [_thread_blocked, id=7300, stack(0x000000002b590000,0x000000002b690000)]
  0x000000001c318000 JavaThread "pool-47-thread-1" [_thread_blocked, id=7812, stack(0x000000002b490000,0x000000002b590000)]
  0x000000001c30e800 JavaThread "pool-46-thread-1" [_thread_blocked, id=5644, stack(0x000000002b390000,0x000000002b490000)]
  0x000000001c314800 JavaThread "pool-44-thread-4" [_thread_blocked, id=7408, stack(0x000000002b290000,0x000000002b390000)]
  0x000000001c313800 JavaThread "pool-44-thread-3" [_thread_blocked, id=7808, stack(0x000000002b190000,0x000000002b290000)]
  0x000000001c313000 JavaThread "pool-44-thread-2" [_thread_blocked, id=7804, stack(0x000000002b090000,0x000000002b190000)]
  0x000000001c315000 JavaThread "pool-45-thread-1" [_thread_blocked, id=7148, stack(0x000000002af90000,0x000000002b090000)]
  0x000000001c310800 JavaThread "pool-44-thread-1" [_thread_blocked, id=208, stack(0x000000002ae90000,0x000000002af90000)]
  0x000000001de25800 JavaThread "pool-11-thread-4" [_thread_blocked, id=3600, stack(0x0000000026390000,0x0000000026490000)]
  0x000000001de26800 JavaThread "pool-11-thread-2" [_thread_blocked, id=344, stack(0x0000000026290000,0x0000000026390000)]
  0x000000001de1e000 JavaThread "pool-11-thread-3" [_thread_blocked, id=5736, stack(0x0000000026190000,0x0000000026290000)]
  0x000000001de25000 JavaThread "pool-11-thread-1" [_thread_blocked, id=7732, stack(0x0000000026090000,0x0000000026190000)]
  0x000000001de21000 JavaThread "stdout" daemon [_thread_in_native, id=4216, stack(0x0000000025190000,0x0000000025290000)]
  0x000000001de22800 JavaThread "stderr" daemon [_thread_in_native, id=32, stack(0x0000000025090000,0x0000000025190000)]
  0x000000001de1b000 JavaThread "stdout" daemon [_thread_in_native, id=3084, stack(0x0000000024f90000,0x0000000025090000)]
  0x000000001de20800 JavaThread "stderr" daemon [_thread_in_native, id=5716, stack(0x0000000024e90000,0x0000000024f90000)]
  0x000000001de22000 JavaThread "stdout" daemon [_thread_in_native, id=1304, stack(0x0000000024d90000,0x0000000024e90000)]
  0x000000001de1d800 JavaThread "stderr" daemon [_thread_in_native, id=1364, stack(0x0000000024c90000,0x0000000024d90000)]
  0x000000001de1a800 JavaThread "stdout" daemon [_thread_in_native, id=1324, stack(0x0000000024a90000,0x0000000024b90000)]
  0x000000001b6a5800 JavaThread "stderr" daemon [_thread_in_native, id=1296, stack(0x0000000024990000,0x0000000024a90000)]
  0x000000001b6a4800 JavaThread "stdout" daemon [_thread_in_native, id=2116, stack(0x0000000024890000,0x0000000024990000)]
  0x000000001b6a3000 JavaThread "stderr" daemon [_thread_in_native, id=1368, stack(0x0000000024790000,0x0000000024890000)]
  0x000000001b6a2800 JavaThread "stdout" daemon [_thread_in_native, id=6128, stack(0x0000000024690000,0x0000000024790000)]
  0x000000001b6a1800 JavaThread "stderr" daemon [_thread_in_native, id=4004, stack(0x0000000024590000,0x0000000024690000)]
  0x000000001b6a6000 JavaThread "stdout" daemon [_thread_in_native, id=7880, stack(0x0000000024490000,0x0000000024590000)]
  0x000000001b6a4000 JavaThread "stderr" daemon [_thread_in_native, id=1396, stack(0x0000000024390000,0x0000000024490000)]
  0x000000001b69a000 JavaThread "stdout" daemon [_thread_in_native, id=6912, stack(0x0000000024290000,0x0000000024390000)]
  0x000000001b6a1000 JavaThread "stderr" daemon [_thread_in_native, id=3648, stack(0x0000000024190000,0x0000000024290000)]
  0x000000001b699800 JavaThread "stdout" daemon [_thread_in_native, id=6764, stack(0x0000000024090000,0x0000000024190000)]
  0x000000001b6a0000 JavaThread "stderr" daemon [_thread_in_native, id=7788, stack(0x0000000023f90000,0x0000000024090000)]
  0x000000001b698800 JavaThread "png-cruncher_15" daemon [_thread_blocked, id=7664, stack(0x0000000023e90000,0x0000000023f90000)]
  0x000000001b69f800 JavaThread "png-cruncher_14" daemon [_thread_blocked, id=7772, stack(0x0000000023d90000,0x0000000023e90000)]
  0x000000001b69e800 JavaThread "png-cruncher_13" daemon [_thread_blocked, id=5152, stack(0x0000000023c90000,0x0000000023d90000)]
  0x000000001b69b000 JavaThread "png-cruncher_12" daemon [_thread_blocked, id=6976, stack(0x0000000023b90000,0x0000000023c90000)]
  0x000000001b698000 JavaThread "png-cruncher_11" daemon [_thread_blocked, id=7752, stack(0x0000000023a90000,0x0000000023b90000)]
  0x000000001b697000 JavaThread "stdout" daemon [_thread_in_native, id=7508, stack(0x0000000023990000,0x0000000023a90000)]
  0x000000001b69c800 JavaThread "stderr" daemon [_thread_in_native, id=7428, stack(0x0000000023890000,0x0000000023990000)]
  0x000000001b69e000 JavaThread "png-cruncher_10" daemon [_thread_blocked, id=5060, stack(0x0000000023790000,0x0000000023890000)]
  0x000000001b69b800 JavaThread "png-cruncher_9" daemon [_thread_blocked, id=464, stack(0x0000000023690000,0x0000000023790000)]
  0x000000001b69d000 JavaThread "png-cruncher_8" daemon [_thread_blocked, id=6872, stack(0x0000000023590000,0x0000000023690000)]
  0x0000000019172800 JavaThread "png-cruncher_7" daemon [_thread_blocked, id=5900, stack(0x0000000023490000,0x0000000023590000)]
  0x0000000019172000 JavaThread "png-cruncher_6" daemon [_thread_blocked, id=3396, stack(0x0000000023390000,0x0000000023490000)]
  0x0000000019171000 JavaThread "stdout" daemon [_thread_in_native, id=3984, stack(0x0000000023290000,0x0000000023390000)]
  0x0000000019178000 JavaThread "stderr" daemon [_thread_in_native, id=6184, stack(0x0000000023190000,0x0000000023290000)]
  0x0000000019177000 JavaThread "stdout" daemon [_thread_in_native, id=5304, stack(0x0000000023090000,0x0000000023190000)]
  0x0000000019176800 JavaThread "stderr" daemon [_thread_in_native, id=7688, stack(0x0000000022f90000,0x0000000023090000)]
  0x0000000019175800 JavaThread "stdout" daemon [_thread_in_native, id=6380, stack(0x0000000022e90000,0x0000000022f90000)]
  0x0000000019173800 JavaThread "stderr" daemon [_thread_in_native, id=4176, stack(0x0000000022d90000,0x0000000022e90000)]
  0x0000000019175000 JavaThread "stdout" daemon [_thread_in_native, id=5028, stack(0x0000000022c90000,0x0000000022d90000)]
  0x0000000019174000 JavaThread "stderr" daemon [_thread_in_native, id=5456, stack(0x0000000022b90000,0x0000000022c90000)]
  0x0000000015d95000 JavaThread "stdout" daemon [_thread_in_native, id=4820, stack(0x0000000022a90000,0x0000000022b90000)]
  0x0000000015d8f000 JavaThread "stderr" daemon [_thread_in_native, id=5732, stack(0x0000000022990000,0x0000000022a90000)]
  0x0000000015d94000 JavaThread "png-cruncher_5" daemon [_thread_blocked, id=6392, stack(0x0000000022890000,0x0000000022990000)]
  0x0000000018cf7000 JavaThread "png-cruncher_4" daemon [_thread_blocked, id=4520, stack(0x0000000022790000,0x0000000022890000)]
  0x0000000018cf6000 JavaThread "png-cruncher_3" daemon [_thread_blocked, id=6076, stack(0x0000000022690000,0x0000000022790000)]
  0x0000000018cf4800 JavaThread "png-cruncher_2" daemon [_thread_blocked, id=1792, stack(0x0000000022590000,0x0000000022690000)]
  0x0000000018cf8000 JavaThread "png-cruncher_1" daemon [_thread_blocked, id=1004, stack(0x0000000022490000,0x0000000022590000)]
  0x0000000018cf5800 JavaThread "pool-5-thread-4" [_thread_blocked, id=5096, stack(0x0000000022390000,0x0000000022490000)]
  0x0000000018cf4000 JavaThread "pool-5-thread-3" [_thread_blocked, id=1988, stack(0x0000000022290000,0x0000000022390000)]
  0x0000000018cf8800 JavaThread "pool-5-thread-2" [_thread_blocked, id=472, stack(0x0000000022190000,0x0000000022290000)]
  0x0000000018cf9800 JavaThread "pool-5-thread-1" [_thread_blocked, id=2100, stack(0x0000000022090000,0x0000000022190000)]
  0x0000000018cf1800 JavaThread "Stdin handler" [_thread_blocked, id=1532, stack(0x0000000021f90000,0x0000000022090000)]
  0x0000000018cea000 JavaThread "Asynchronous log dispatcher for org.gradle.launcher.daemon.server.DefaultDaemonConnection@afdf39d" [_thread_blocked, id=6840, stack(0x0000000021e90000,0x0000000021f90000)]
  0x0000000018ced000 JavaThread "Cancel handler" [_thread_blocked, id=5048, stack(0x0000000021d90000,0x0000000021e90000)]
  0x0000000018cf1000 JavaThread "Handler for socket connection from /127.0.0.1:51970 to /127.0.0.1:52032" [_thread_in_native, id=4128, stack(0x0000000021c90000,0x0000000021d90000)]
  0x000000001800a800 JavaThread "File lock request listener" [_thread_in_native, id=7464, stack(0x000000001bbc0000,0x000000001bcc0000)]
  0x00000000185b3800 JavaThread "Daemon worker" [_thread_blocked, id=6028, stack(0x000000001a2f0000,0x000000001a3f0000)]
  0x0000000018653800 JavaThread "Daemon" [_thread_blocked, id=4980, stack(0x0000000019ff0000,0x000000001a0f0000)]
  0x000000001809d000 JavaThread "pool-1-thread-1" [_thread_blocked, id=4272, stack(0x0000000019ef0000,0x0000000019ff0000)]
  0x0000000018451000 JavaThread "Incoming local TCP Connector on port 51970" [_thread_in_native, id=2552, stack(0x0000000019800000,0x0000000019900000)]
  0x0000000017701000 JavaThread "Service Thread" daemon [_thread_blocked, id=4692, stack(0x0000000017ae0000,0x0000000017be0000)]
  0x0000000015d92800 JavaThread "C1 CompilerThread2" daemon [_thread_blocked, id=4244, stack(0x00000000175e0000,0x00000000176e0000)]
  0x0000000015d91000 JavaThread "C2 CompilerThread1" daemon [_thread_in_native, id=6748, stack(0x00000000174e0000,0x00000000175e0000)]
  0x0000000015d8b800 JavaThread "C2 CompilerThread0" daemon [_thread_blocked, id=6308, stack(0x00000000173e0000,0x00000000174e0000)]
  0x0000000015d8a000 JavaThread "Attach Listener" daemon [_thread_blocked, id=7740, stack(0x00000000172e0000,0x00000000173e0000)]
  0x0000000015d88800 JavaThread "Signal Dispatcher" daemon [_thread_blocked, id=4788, stack(0x00000000171e0000,0x00000000172e0000)]
  0x0000000015d78800 JavaThread "Finalizer" daemon [_thread_blocked, id=6788, stack(0x0000000016fe0000,0x00000000170e0000)]
  0x00000000023ef000 JavaThread "Reference Handler" daemon [_thread_blocked, id=6160, stack(0x0000000016ee0000,0x0000000016fe0000)]
  0x0000000002300800 JavaThread "main" [_thread_blocked, id=7416, stack(0x00000000021d0000,0x00000000022d0000)]

Other Threads:
  0x0000000015d55000 VMThread [stack: 0x0000000016de0000,0x0000000016ee0000] [id=7716]
  0x0000000017703000 WatcherThread [stack: 0x0000000017be0000,0x0000000017ce0000] [id=4524]

=>0x0000000002317800 (exited) GCTaskThread [stack: 0x0000000011dd0000,0x0000000011ed0000] [id=3336]

VM state:at safepoint (normal execution)

VM Mutex/Monitor currently owned by a thread:  ([mutex/lock_event])
[0x00000000022ebbf0] Threads_lock - owner thread: 0x0000000015d55000
[0x00000000022ec8f0] Heap_lock - owner thread: 0x000000001c313800

Heap:
 PSYoungGen      total 394240K, used 388471K [0x00000000e0000000, 0x00000000fc000000, 0x0000000100000000)
  eden space 358400K, 100% used [0x00000000e0000000,0x00000000f5e00000,0x00000000f5e00000)
  from space 35840K, 83% used [0x00000000f9d00000,0x00000000fba5dc98,0x00000000fc000000)
  to   space 50176K, 61% used [0x00000000f5e00000,0x00000000f7c0cd00,0x00000000f8f00000)
 ParOldGen       total 212480K, used 170278K [0x00000000a0000000, 0x00000000acf80000, 0x00000000e0000000)
  object space 212480K, 80% used [0x00000000a0000000,0x00000000aa6499e8,0x00000000acf80000)
 Metaspace       used 69838K, capacity 72620K, committed 72880K, reserved 1112064K
  class space    used 9002K, capacity 9630K, committed 9648K, reserved 1048576K

Card table byte_map: [0x00000000117c0000,0x0000000011ad0000] byte_map_base: 0x00000000112c0000

Marking Bits: (ParMarkBitMap*) 0x0000000064719d00
 Begin Bits: [0x00000000120d0000, 0x00000000138d0000)
 End Bits:   [0x00000000138d0000, 0x00000000150d0000)

Polling page: 0x0000000002190000

CodeCache: size=245760Kb used=43386Kb max_used=43897Kb free=202373Kb
 bounds [0x0000000002400000, 0x0000000004f50000, 0x0000000011400000]
 total_blobs=13180 nmethods=12432 adapters=660
 compilation: enabled

Compilation events (10 events):
Event: 119.380 Thread 0x0000000015d92800 15301       2       sun.util.calendar.BaseCalendar::getFixedDate (324 bytes)
Event: 119.383 Thread 0x0000000015d92800 nmethod 15301 0x0000000004ead150 code [0x0000000004ead320, 0x0000000004eadf30]
Event: 119.407 Thread 0x0000000015d92800 15303 %     3       com.android.dx.ssa.back.RegisterAllocator::insertMoveBefore @ 198 (240 bytes)
Event: 119.412 Thread 0x0000000015d92800 nmethod 15303% 0x000000000499b590 code [0x000000000499ba00, 0x000000000499e988]
Event: 119.438 Thread 0x0000000015d92800 15305       2       com.android.dx.rop.code.BasicBlock::getSecondarySuccessor (49 bytes)
Event: 119.439 Thread 0x0000000015d92800 nmethod 15305 0x000000000499b010 code [0x000000000499b1a0, 0x000000000499b428]
Event: 119.470 Thread 0x0000000015d92800 15306   !   3       com.android.dx.cf.code.BasicBlocker::doit (156 bytes)
Event: 119.473 Thread 0x0000000015d92800 nmethod 15306 0x000000000432cc10 code [0x000000000432cea0, 0x000000000432e218]
Event: 119.484 Thread 0x0000000015d92800 15307       2       java.util.concurrent.ConcurrentHashMap$TreeNode::<init> (16 bytes)
Event: 119.485 Thread 0x0000000015d92800 nmethod 15307 0x0000000004a6b810 code [0x0000000004a6b960, 0x0000000004a6bb10]

GC Heap History (10 events):
Event: 110.206 GC heap after
Heap after GC invocations=27 (full 4):
 PSYoungGen      total 263680K, used 23544K [0x00000000e0000000, 0x00000000f7000000, 0x0000000100000000)
  eden space 240128K, 0% used [0x00000000e0000000,0x00000000e0000000,0x00000000eea80000)
  from space 23552K, 99% used [0x00000000eea80000,0x00000000f017e118,0x00000000f0180000)
  to   space 37376K, 0% used [0x00000000f4b80000,0x00000000f4b80000,0x00000000f7000000)
 ParOldGen       total 126976K, used 100320K [0x00000000a0000000, 0x00000000a7c00000, 0x00000000e0000000)
  object space 126976K, 79% used [0x00000000a0000000,0x00000000a61f8270,0x00000000a7c00000)
 Metaspace       used 69534K, capacity 72306K, committed 72368K, reserved 1112064K
  class space    used 8999K, capacity 9631K, committed 9648K, reserved 1048576K
}
Event: 111.710 GC heap before
{Heap before GC invocations=28 (full 4):
 PSYoungGen      total 263680K, used 263672K [0x00000000e0000000, 0x00000000f7000000, 0x0000000100000000)
  eden space 240128K, 100% used [0x00000000e0000000,0x00000000eea80000,0x00000000eea80000)
  from space 23552K, 99% used [0x00000000eea80000,0x00000000f017e118,0x00000000f0180000)
  to   space 37376K, 0% used [0x00000000f4b80000,0x00000000f4b80000,0x00000000f7000000)
 ParOldGen       total 126976K, used 100320K [0x00000000a0000000, 0x00000000a7c00000, 0x00000000e0000000)
  object space 126976K, 79% used [0x00000000a0000000,0x00000000a61f8270,0x00000000a7c00000)
 Metaspace       used 69701K, capacity 72434K, committed 72624K, reserved 1112064K
  class space    used 9001K, capacity 9631K, committed 9648K, reserved 1048576K
Event: 111.876 GC heap after
Heap after GC invocations=28 (full 4):
 PSYoungGen      total 333824K, used 35143K [0x00000000e0000000, 0x00000000f8580000, 0x0000000100000000)
  eden space 296448K, 0% used [0x00000000e0000000,0x00000000e0000000,0x00000000f2180000)
  from space 37376K, 94% used [0x00000000f4b80000,0x00000000f6dd1d80,0x00000000f7000000)
  to   space 43008K, 0% used [0x00000000f2180000,0x00000000f2180000,0x00000000f4b80000)
 ParOldGen       total 126976K, used 121201K [0x00000000a0000000, 0x00000000a7c00000, 0x00000000e0000000)
  object space 126976K, 95% used [0x00000000a0000000,0x00000000a765c668,0x00000000a7c00000)
 Metaspace       used 69701K, capacity 72434K, committed 72624K, reserved 1112064K
  class space    used 9001K, capacity 9631K, committed 9648K, reserved 1048576K
}
Event: 111.876 GC heap before
{Heap before GC invocations=29 (full 5):
 PSYoungGen      total 333824K, used 35143K [0x00000000e0000000, 0x00000000f8580000, 0x0000000100000000)
  eden space 296448K, 0% used [0x00000000e0000000,0x00000000e0000000,0x00000000f2180000)
  from space 37376K, 94% used [0x00000000f4b80000,0x00000000f6dd1d80,0x00000000f7000000)
  to   space 43008K, 0% used [0x00000000f2180000,0x00000000f2180000,0x00000000f4b80000)
 ParOldGen       total 126976K, used 121201K [0x00000000a0000000, 0x00000000a7c00000, 0x00000000e0000000)
  object space 126976K, 95% used [0x00000000a0000000,0x00000000a765c668,0x00000000a7c00000)
 Metaspace       used 69701K, capacity 72434K, committed 72624K, reserved 1112064K
  class space    used 9001K, capacity 9631K, committed 9648K, reserved 1048576K
Event: 113.141 GC heap after
Heap after GC invocations=29 (full 5):
 PSYoungGen      total 333824K, used 0K [0x00000000e0000000, 0x00000000f8580000, 0x0000000100000000)
  eden space 296448K, 0% used [0x00000000e0000000,0x00000000e0000000,0x00000000f2180000)
  from space 37376K, 0% used [0x00000000f4b80000,0x00000000f4b80000,0x00000000f7000000)
  to   space 43008K, 0% used [0x00000000f2180000,0x00000000f2180000,0x00000000f4b80000)
 ParOldGen       total 212480K, used 120665K [0x00000000a0000000, 0x00000000acf80000, 0x00000000e0000000)
  object space 212480K, 56% used [0x00000000a0000000,0x00000000a75d6428,0x00000000acf80000)
 Metaspace       used 69699K, capacity 72428K, committed 72624K, reserved 1112064K
  class space    used 9000K, capacity 9630K, committed 9648K, reserved 1048576K
}
Event: 114.961 GC heap before
{Heap before GC invocations=30 (full 5):
 PSYoungGen      total 333824K, used 296448K [0x00000000e0000000, 0x00000000f8580000, 0x0000000100000000)
  eden space 296448K, 100% used [0x00000000e0000000,0x00000000f2180000,0x00000000f2180000)
  from space 37376K, 0% used [0x00000000f4b80000,0x00000000f4b80000,0x00000000f7000000)
  to   space 43008K, 0% used [0x00000000f2180000,0x00000000f2180000,0x00000000f4b80000)
 ParOldGen       total 212480K, used 120665K [0x00000000a0000000, 0x00000000acf80000, 0x00000000e0000000)
  object space 212480K, 56% used [0x00000000a0000000,0x00000000a75d6428,0x00000000acf80000)
 Metaspace       used 69756K, capacity 72492K, committed 72624K, reserved 1112064K
  class space    used 9000K, capacity 9630K, committed 9648K, reserved 1048576K
Event: 115.120 GC heap after
Heap after GC invocations=30 (full 5):
 PSYoungGen      total 339456K, used 40889K [0x00000000e0000000, 0x00000000fcd00000, 0x0000000100000000)
  eden space 296448K, 0% used [0x00000000e0000000,0x00000000e0000000,0x00000000f2180000)
  from space 43008K, 95% used [0x00000000f2180000,0x00000000f496e660,0x00000000f4b80000)
  to   space 49152K, 0% used [0x00000000f9d00000,0x00000000f9d00000,0x00000000fcd00000)
 ParOldGen       total 212480K, used 120673K [0x00000000a0000000, 0x00000000acf80000, 0x00000000e0000000)
  object space 212480K, 56% used [0x00000000a0000000,0x00000000a75d8428,0x00000000acf80000)
 Metaspace       used 69756K, capacity 72492K, committed 72624K, reserved 1112064K
  class space    used 9000K, capacity 9630K, committed 9648K, reserved 1048576K
}
Event: 116.991 GC heap before
{Heap before GC invocations=31 (full 5):
 PSYoungGen      total 339456K, used 337337K [0x00000000e0000000, 0x00000000fcd00000, 0x0000000100000000)
  eden space 296448K, 100% used [0x00000000e0000000,0x00000000f2180000,0x00000000f2180000)
  from space 43008K, 95% used [0x00000000f2180000,0x00000000f496e660,0x00000000f4b80000)
  to   space 49152K, 0% used [0x00000000f9d00000,0x00000000f9d00000,0x00000000fcd00000)
 ParOldGen       total 212480K, used 120673K [0x00000000a0000000, 0x00000000acf80000, 0x00000000e0000000)
  object space 212480K, 56% used [0x00000000a0000000,0x00000000a75d8428,0x00000000acf80000)
 Metaspace       used 69799K, capacity 72620K, committed 72880K, reserved 1112064K
  class space    used 9001K, capacity 9630K, committed 9648K, reserved 1048576K
Event: 117.162 GC heap after
Heap after GC invocations=31 (full 5):
 PSYoungGen      total 394240K, used 30071K [0x00000000e0000000, 0x00000000fc000000, 0x0000000100000000)
  eden space 358400K, 0% used [0x00000000e0000000,0x00000000e0000000,0x00000000f5e00000)
  from space 35840K, 83% used [0x00000000f9d00000,0x00000000fba5dc98,0x00000000fc000000)
  to   space 50176K, 0% used [0x00000000f5e00000,0x00000000f5e00000,0x00000000f8f00000)
 ParOldGen       total 212480K, used 155742K [0x00000000a0000000, 0x00000000acf80000, 0x00000000e0000000)
  object space 212480K, 73% used [0x00000000a0000000,0x00000000a9817910,0x00000000acf80000)
 Metaspace       used 69799K, capacity 72620K, committed 72880K, reserved 1112064K
  class space    used 9001K, capacity 9630K, committed 9648K, reserved 1048576K
}
Event: 119.513 GC heap before
{Heap before GC invocations=32 (full 5):
 PSYoungGen      total 394240K, used 388471K [0x00000000e0000000, 0x00000000fc000000, 0x0000000100000000)
  eden space 358400K, 100% used [0x00000000e0000000,0x00000000f5e00000,0x00000000f5e00000)
  from space 35840K, 83% used [0x00000000f9d00000,0x00000000fba5dc98,0x00000000fc000000)
  to   space 50176K, 0% used [0x00000000f5e00000,0x00000000f5e00000,0x00000000f8f00000)
 ParOldGen       total 212480K, used 155742K [0x00000000a0000000, 0x00000000acf80000, 0x00000000e0000000)
  object space 212480K, 73% used [0x00000000a0000000,0x00000000a9817910,0x00000000acf80000)
 Metaspace       used 69838K, capacity 72620K, committed 72880K, reserved 1112064K
  class space    used 9002K, capacity 9630K, committed 9648K, reserved 1048576K

Deoptimization events (10 events):
Event: 115.959 Thread 0x000000001c317800 Uncommon trap: reason=speculate_class_check action=maybe_recompile pc=0x0000000004ea33fc method=com.android.dx.rop.cst.TypedConstant.getBasicType()I @ 1
Event: 116.977 Thread 0x000000001de25800 Uncommon trap: reason=unstable_if action=reinterpret pc=0x0000000004c8e848 method=com.android.dx.cf.code.LineNumberList.pcToLine(I)I @ 43
Event: 118.212 Thread 0x000000001c310800 Uncommon trap: reason=unstable_if action=reinterpret pc=0x00000000049ae7b8 method=java.util.concurrent.locks.AbstractQueuedSynchronizer.acquire(I)V @ 20
Event: 118.556 Thread 0x000000001de26800 Uncommon trap: reason=unstable_if action=reinterpret pc=0x0000000003f42654 method=sun.util.calendar.BaseCalendar.getFixedDate(IIILsun/util/calendar/BaseCalendar$Date;)J @ 7
Event: 118.803 Thread 0x000000001de26800 Uncommon trap: reason=class_check action=maybe_recompile pc=0x0000000004c185a0 method=com.android.dx.ssa.SCCP.replaceConstants()V @ 182
Event: 118.875 Thread 0x000000001c313800 Uncommon trap: reason=speculate_class_check action=maybe_recompile pc=0x0000000004b9a324 method=java.util.concurrent.locks.AbstractQueuedSynchronizer.release(I)Z @ 2
Event: 118.876 Thread 0x000000001c314800 Uncommon trap: reason=speculate_class_check action=maybe_recompile pc=0x0000000004b9a324 method=java.util.concurrent.locks.AbstractQueuedSynchronizer.release(I)Z @ 2
Event: 118.931 Thread 0x000000001c314800 Uncommon trap: reason=speculate_class_check action=maybe_recompile pc=0x0000000004b9a324 method=java.util.concurrent.locks.AbstractQueuedSynchronizer.release(I)Z @ 2
Event: 118.935 Thread 0x000000001c314800 Uncommon trap: reason=speculate_class_check action=maybe_recompile pc=0x0000000004b9a324 method=java.util.concurrent.locks.AbstractQueuedSynchronizer.release(I)Z @ 2
Event: 119.227 Thread 0x000000001c313800 Uncommon trap: reason=unstable_if action=reinterpret pc=0x0000000004eb25d8 method=com.android.dx.ssa.SCCP.simulateStmt(Lcom/android/dx/ssa/SsaInsn;)V @ 435

Internal exceptions (10 events):
Event: 88.230 Thread 0x00000000185b3800 Implicit null exception at 0x000000000419f7fb to 0x000000000419fd61
Event: 95.006 Thread 0x00000000185b3800 Implicit null exception at 0x0000000004210402 to 0x000000000420eda1
Event: 95.006 Thread 0x00000000185b3800 Implicit null exception at 0x0000000004210402 to 0x000000000420eda1
Event: 95.026 Thread 0x00000000185b3800 Implicit null exception at 0x0000000004210402 to 0x000000000420eda1
Event: 95.612 Thread 0x00000000185b3800 Implicit null exception at 0x00000000041820b0 to 0x0000000004184c25
Event: 103.238 Thread 0x00000000185b3800 Exception <a 'java/lang/NoSuchMethodError': <clinit>> (0x00000000e0a58d98) thrown at [C:\src\android\AOSP-openjdk\external\jetbrains\jdk\hotspot\src\share\vm\prims\jni.cpp, line 1591]
Event: 104.102 Thread 0x00000000185b3800 Exception <a 'java/io/FileNotFoundException'> (0x00000000e3e69158) thrown at [C:\src\android\AOSP-openjdk\external\jetbrains\jdk\hotspot\src\share\vm\prims\jni.cpp, line 709]
Event: 108.565 Thread 0x00000000201f8800 Implicit null exception at 0x0000000004a61d22 to 0x0000000004a63031
Event: 109.179 Thread 0x00000000201fb000 Implicit null exception at 0x0000000004af2aa2 to 0x0000000004af2b41
Event: 111.546 Thread 0x000000001c30e800 Implicit null exception at 0x00000000036489dc to 0x0000000003649149

Events (10 events):
Event: 119.364 Thread 0x000000001c31d800 Thread added: 0x000000001c31d800
Event: 119.364 Thread 0x000000001c317800 Thread added: 0x000000001c317800
Event: 119.385 Thread 0x0000000015d92800 flushing nmethod 0x000000000341b190
Event: 119.414 Thread 0x0000000015d92800 flushing nmethod 0x0000000003653610
Event: 119.485 Thread 0x0000000015d92800 flushing nmethod 0x0000000003d14a50
Event: 119.493 Executing VM operation: RevokeBias
Event: 119.499 Executing VM operation: RevokeBias done
Event: 119.503 Thread 0x000000001c314800 DEOPT PACKING pc=0x0000000004bb3f25 sp=0x000000002b38ead0
Event: 119.503 Thread 0x000000001c314800 DEOPT UNPACKING pc=0x00000000024471bf sp=0x000000002b38e900 mode 0
Event: 119.513 Executing VM operation: ParallelGCFailedAllocation


Dynamic libraries:
0x00007ff74d100000 - 0x00007ff74d131000 	C:\Program Files\Android\Android Studio\jre\bin\java.exe
0x00007fff4f790000 - 0x00007fff4f961000 	C:\WINDOWS\SYSTEM32\ntdll.dll
0x00007fff4f680000 - 0x00007fff4f72b000 	C:\WINDOWS\System32\KERNEL32.DLL
0x00007fff4c3b0000 - 0x00007fff4c5cd000 	C:\WINDOWS\System32\KERNELBASE.dll
0x00007fff4d500000 - 0x00007fff4d5a2000 	C:\WINDOWS\System32\ADVAPI32.dll
0x00007fff4cdb0000 - 0x00007fff4ce4e000 	C:\WINDOWS\System32\msvcrt.dll
0x00007fff4f5e0000 - 0x00007fff4f639000 	C:\WINDOWS\System32\sechost.dll
0x00007fff4d3d0000 - 0x00007fff4d4f1000 	C:\WINDOWS\System32\RPCRT4.dll
0x00007fff4d0f0000 - 0x00007fff4d255000 	C:\WINDOWS\System32\USER32.dll
0x00007fff4bf80000 - 0x00007fff4bf9e000 	C:\WINDOWS\System32\win32u.dll
0x00007fff4d260000 - 0x00007fff4d294000 	C:\WINDOWS\System32\GDI32.dll
0x00007fff4c050000 - 0x00007fff4c1d2000 	C:\WINDOWS\System32\gdi32full.dll
0x00007fff42b00000 - 0x00007fff42d79000 	C:\WINDOWS\WinSxS\amd64_microsoft.windows.common-controls_6595b64144ccf1df_6.0.14393.447_none_42191651c6827bb3\COMCTL32.dll
0x00007fff4dc50000 - 0x00007fff4df18000 	C:\WINDOWS\System32\combase.dll
0x00007fff4bdd0000 - 0x00007fff4bec5000 	C:\WINDOWS\System32\ucrtbase.dll
0x00007fff4bcc0000 - 0x00007fff4bd2a000 	C:\WINDOWS\System32\bcryptPrimitives.dll
0x00007fff4f650000 - 0x00007fff4f67e000 	C:\WINDOWS\System32\IMM32.DLL
0x0000000063e80000 - 0x0000000063f52000 	C:\Program Files\Android\Android Studio\jre\jre\bin\msvcr100.dll
0x0000000063f60000 - 0x0000000064794000 	C:\Program Files\Android\Android Studio\jre\jre\bin\server\jvm.dll
0x00007fff4df20000 - 0x00007fff4df28000 	C:\WINDOWS\System32\PSAPI.DLL
0x00007fff40d70000 - 0x00007fff40d79000 	C:\WINDOWS\SYSTEM32\WSOCK32.dll
0x00007fff4dbe0000 - 0x00007fff4dc4a000 	C:\WINDOWS\System32\WS2_32.dll
0x00007fff49bf0000 - 0x00007fff49c13000 	C:\WINDOWS\SYSTEM32\WINMM.dll
0x00007fff47750000 - 0x00007fff4775a000 	C:\WINDOWS\SYSTEM32\VERSION.dll
0x00007fff49bc0000 - 0x00007fff49beb000 	C:\WINDOWS\SYSTEM32\WINMMBASE.dll
0x00007fff4c5d0000 - 0x00007fff4c612000 	C:\WINDOWS\System32\cfgmgr32.dll
0x00007fff429d0000 - 0x00007fff429df000 	C:\Program Files\Android\Android Studio\jre\jre\bin\verify.dll
0x00007fff3ed40000 - 0x00007fff3ed69000 	C:\Program Files\Android\Android Studio\jre\jre\bin\java.dll
0x00007fff3ed20000 - 0x00007fff3ed36000 	C:\Program Files\Android\Android Studio\jre\jre\bin\zip.dll
0x00007fff4df30000 - 0x00007fff4f439000 	C:\WINDOWS\System32\SHELL32.dll
0x00007fff4c620000 - 0x00007fff4ccfa000 	C:\WINDOWS\System32\windows.storage.dll
0x00007fff4bc00000 - 0x00007fff4bc4c000 	C:\WINDOWS\System32\powrprof.dll
0x00007fff4db80000 - 0x00007fff4dbd2000 	C:\WINDOWS\System32\shlwapi.dll
0x00007fff4bc50000 - 0x00007fff4bc5f000 	C:\WINDOWS\System32\kernel.appcore.dll
0x00007fff4bfa0000 - 0x00007fff4c049000 	C:\WINDOWS\System32\shcore.dll
0x00007fff4bbe0000 - 0x00007fff4bbf4000 	C:\WINDOWS\System32\profapi.dll
0x00007fff3ed00000 - 0x00007fff3ed1a000 	C:\Program Files\Android\Android Studio\jre\jre\bin\net.dll
0x00007fff4b3b0000 - 0x00007fff4b40c000 	C:\WINDOWS\system32\mswsock.dll
0x00007fff3ece0000 - 0x00007fff3ecf1000 	C:\Program Files\Android\Android Studio\jre\jre\bin\nio.dll
0x00007fff218a0000 - 0x00007fff218b2000 	C:\Users\exequiel\.gradle\native\19\windows-amd64\native-platform.dll
0x00007fff4b6a0000 - 0x00007fff4b6b7000 	C:\WINDOWS\SYSTEM32\CRYPTSP.dll
0x00007fff4b5b0000 - 0x00007fff4b5e3000 	C:\WINDOWS\system32\rsaenh.dll
0x00007fff4b7b0000 - 0x00007fff4b7db000 	C:\WINDOWS\SYSTEM32\bcrypt.dll
0x00007fff4b230000 - 0x00007fff4b24f000 	C:\WINDOWS\SYSTEM32\USERENV.dll
0x00007fff4b6c0000 - 0x00007fff4b6cb000 	C:\WINDOWS\SYSTEM32\CRYPTBASE.dll
0x00007fff4b140000 - 0x00007fff4b178000 	C:\WINDOWS\SYSTEM32\IPHLPAPI.DLL
0x00007fff4f640000 - 0x00007fff4f648000 	C:\WINDOWS\System32\NSI.dll
0x00007fff43a30000 - 0x00007fff43a46000 	C:\WINDOWS\SYSTEM32\dhcpcsvc6.DLL
0x00007fff43b60000 - 0x00007fff43b7a000 	C:\WINDOWS\SYSTEM32\dhcpcsvc.DLL
0x00007fff22890000 - 0x00007fff2289d000 	C:\Program Files\Android\Android Studio\jre\jre\bin\management.dll
0x00007fff40860000 - 0x00007fff409f2000 	C:\WINDOWS\SYSTEM32\dbghelp.dll

VM Arguments:
jvm_args: -Xmx1536m -Dfile.encoding=windows-1252 -Duser.country=US -Duser.language=en -Duser.variant 
java_command: org.gradle.launcher.daemon.bootstrap.GradleDaemon 2.14.1
java_class_path (initial): C:\Program Files\Android\Android Studio\gradle\gradle-2.14.1\lib\gradle-launcher-2.14.1.jar
Launcher Type: SUN_STANDARD

Environment Variables:
PATH=C:\ProgramData\Oracle\Java\javapath;C:\WINDOWS\system32;C:\WINDOWS;C:\WINDOWS\System32\Wbem;C:\WINDOWS\System32\WindowsPowerShell\v1.0\;C:\Program Files (x86)\AMD\ATI.ACE\Core-Static;C:\Program Files (x86)\Calibre2\;C:\Program Files (x86)\ATI Technologies\ATI.ACE\Core-Static;C:\Users\exequiel\AppData\Local\Microsoft\WindowsApps;
USERNAME=exequiel
OS=Windows_NT
PROCESSOR_IDENTIFIER=AMD64 Family 18 Model 1 Stepping 0, AuthenticAMD



---------------  S Y S T E M  ---------------

OS: Windows 10.0 , 64 bit Build 14393 (10.0.14393.0)

CPU:total 4 (4 cores per cpu, 1 threads per core) family 18 model 1 stepping 0, cmov, cx8, fxsr, mmx, sse, sse2, sse3, popcnt, mmxext, 3dnowpref, lzcnt, sse4a, tsc, tscinvbit, tscinv

Memory: 4k page, physical 5745560k(1724028k free), swap 11512728k(5790284k free)

vm_info: OpenJDK 64-Bit Server VM (25.76-b03) for windows-amd64 JRE (1.8.0_76-release-b03), built on Jun 29 2016 19:09:20 by "ralucas" with MS VC++ 10.0 (VS2010)

time: Fri Dec 23 20:16:35 2016
elapsed time: 119 seconds (0d 0h 1m 59s)

